# JRE version: Java(TM) SE Runtime Environment (8.0_171-b11) (build 1.8.0_171-b11)
# Java VM: Java HotSpot(TM) 64-Bit Server VM (25.171-b11 mixed mode windows-amd64 compressed oops)
Heap:
 PSYoungGen      total 68096K, used 10491K [0x00000000eab00000, 0x00000000ef000000, 0x0000000100000000)
  eden space 65536K, 12% used [0x00000000eab00000,0x00000000eb2c2e78,0x00000000eeb00000)
  from space 2560K, 99% used [0x00000000eed80000,0x00000000eeffc010,0x00000000ef000000)
  to   space 2560K, 0% used [0x00000000eeb00000,0x00000000eeb00000,0x00000000eed80000)
 ParOldGen       total 40448K, used 17828K [0x00000000c0000000, 0x00000000c2780000, 0x00000000eab00000)
  object space 40448K, 44% used [0x00000000c0000000,0x00000000c1169220,0x00000000c2780000)
 Metaspace       used 24925K, capacity 25582K, committed 25728K, reserved 1071104K
  class space    used 3198K, capacity 3361K, committed 3456K, reserved 1048576K
GC Heap History (10 events):
Event: 1.072 GC heap before
{Heap before GC invocations=3 (full 0):
 PSYoungGen      total 35328K, used 35304K [0x00000000eab00000, 0x00000000ed000000, 0x0000000100000000)
  eden space 32768K, 100% used [0x00000000eab00000,0x00000000ecb00000,0x00000000ecb00000)
  from space 2560K, 99% used [0x00000000ecd80000,0x00000000ecffa020,0x00000000ed000000)
  to   space 2560K, 0% used [0x00000000ecb00000,0x00000000ecb00000,0x00000000ecd80000)
 ParOldGen       total 44032K, used 1694K [0x00000000c0000000, 0x00000000c2b00000, 0x00000000eab00000)
  object space 44032K, 3% used [0x00000000c0000000,0x00000000c01a7af8,0x00000000c2b00000)
 Metaspace       used 13894K, capacity 14322K, committed 14464K, reserved 1062912K
  class space    used 1749K, capacity 1875K, committed 1920K, reserved 1048576K
Event: 1.089 GC heap after
Heap after GC invocations=3 (full 0):
 PSYoungGen      total 35328K, used 2528K [0x00000000eab00000, 0x00000000ef000000, 0x0000000100000000)
  eden space 32768K, 0% used [0x00000000eab00000,0x00000000eab00000,0x00000000ecb00000)
  from space 2560K, 98% used [0x00000000ecb00000,0x00000000ecd783a0,0x00000000ecd80000)
  to   space 2560K, 0% used [0x00000000eed80000,0x00000000eed80000,0x00000000ef000000)
 ParOldGen       total 44032K, used 4708K [0x00000000c0000000, 0x00000000c2b00000, 0x00000000eab00000)
  object space 44032K, 10% used [0x00000000c0000000,0x00000000c0499398,0x00000000c2b00000)
 Metaspace       used 13894K, capacity 14322K, committed 14464K, reserved 1062912K
  class space    used 1749K, capacity 1875K, committed 1920K, reserved 1048576K
}
Event: 1.408 GC heap before
{Heap before GC invocations=4 (full 0):
 PSYoungGen      total 35328K, used 35296K [0x00000000eab00000, 0x00000000ef000000, 0x0000000100000000)
  eden space 32768K, 100% used [0x00000000eab00000,0x00000000ecb00000,0x00000000ecb00000)
  from space 2560K, 98% used [0x00000000ecb00000,0x00000000ecd783a0,0x00000000ecd80000)
  to   space 2560K, 0% used [0x00000000eed80000,0x00000000eed80000,0x00000000ef000000)
 ParOldGen       total 44032K, used 4708K [0x00000000c0000000, 0x00000000c2b00000, 0x00000000eab00000)
  object space 44032K, 10% used [0x00000000c0000000,0x00000000c0499398,0x00000000c2b00000)
 Metaspace       used 16793K, capacity 17286K, committed 17536K, reserved 1064960K
  class space    used 2196K, capacity 2319K, committed 2432K, reserved 1048576K
Event: 1.415 GC heap after
Heap after GC invocations=4 (full 0):
 PSYoungGen      total 68096K, used 2528K [0x00000000eab00000, 0x00000000ef000000, 0x0000000100000000)
  eden space 65536K, 0% used [0x00000000eab00000,0x00000000eab00000,0x00000000eeb00000)
  from space 2560K, 98% used [0x00000000eed80000,0x00000000eeff83c0,0x00000000ef000000)
  to   space 2560K, 0% used [0x00000000eeb00000,0x00000000eeb00000,0x00000000eed80000)
 ParOldGen       total 44032K, used 7743K [0x00000000c0000000, 0x00000000c2b00000, 0x00000000eab00000)
  object space 44032K, 17% used [0x00000000c0000000,0x00000000c078fd28,0x00000000c2b00000)
 Metaspace       used 16793K, capacity 17286K, committed 17536K, reserved 1064960K
  class space    used 2196K, capacity 2319K, committed 2432K, reserved 1048576K
}
Event: 1.697 GC heap before
{Heap before GC invocations=5 (full 0):
 PSYoungGen      total 68096K, used 35429K [0x00000000eab00000, 0x00000000ef000000, 0x0000000100000000)
  eden space 65536K, 50% used [0x00000000eab00000,0x00000000ecb21090,0x00000000eeb00000)
  from space 2560K, 98% used [0x00000000eed80000,0x00000000eeff83c0,0x00000000ef000000)
  to   space 2560K, 0% used [0x00000000eeb00000,0x00000000eeb00000,0x00000000eed80000)
 ParOldGen       total 44032K, used 7743K [0x00000000c0000000, 0x00000000c2b00000, 0x00000000eab00000)
  object space 44032K, 17% used [0x00000000c0000000,0x00000000c078fd28,0x00000000c2b00000)
 Metaspace       used 20557K, capacity 21088K, committed 21248K, reserved 1067008K
  class space    used 2622K, capacity 2752K, committed 2816K, reserved 1048576K
Event: 1.704 GC heap after
Heap after GC invocations=5 (full 0):
 PSYoungGen      total 68096K, used 2544K [0x00000000eab00000, 0x00000000ef000000, 0x0000000100000000)
  eden space 65536K, 0% used [0x00000000eab00000,0x00000000eab00000,0x00000000eeb00000)
  from space 2560K, 99% used [0x00000000eeb00000,0x00000000eed7c3d0,0x00000000eed80000)
  to   space 2560K, 0% used [0x00000000eed80000,0x00000000eed80000,0x00000000ef000000)
 ParOldGen       total 44032K, used 11474K [0x00000000c0000000, 0x00000000c2b00000, 0x00000000eab00000)
  object space 44032K, 26% used [0x00000000c0000000,0x00000000c0b34b08,0x00000000c2b00000)
 Metaspace       used 20557K, capacity 21088K, committed 21248K, reserved 1067008K
  class space    used 2622K, capacity 2752K, committed 2816K, reserved 1048576K
}
Event: 1.704 GC heap before
{Heap before GC invocations=6 (full 1):
 PSYoungGen      total 68096K, used 2544K [0x00000000eab00000, 0x00000000ef000000, 0x0000000100000000)
  eden space 65536K, 0% used [0x00000000eab00000,0x00000000eab00000,0x00000000eeb00000)
  from space 2560K, 99% used [0x00000000eeb00000,0x00000000eed7c3d0,0x00000000eed80000)
  to   space 2560K, 0% used [0x00000000eed80000,0x00000000eed80000,0x00000000ef000000)
 ParOldGen       total 44032K, used 11474K [0x00000000c0000000, 0x00000000c2b00000, 0x00000000eab00000)
  object space 44032K, 26% used [0x00000000c0000000,0x00000000c0b34b08,0x00000000c2b00000)
 Metaspace       used 20557K, capacity 21088K, committed 21248K, reserved 1067008K
  class space    used 2622K, capacity 2752K, committed 2816K, reserved 1048576K
Event: 1.756 GC heap after
Heap after GC invocations=6 (full 1):
 PSYoungGen      total 68096K, used 0K [0x00000000eab00000, 0x00000000ef000000, 0x0000000100000000)
  eden space 65536K, 0% used [0x00000000eab00000,0x00000000eab00000,0x00000000eeb00000)
  from space 2560K, 0% used [0x00000000eeb00000,0x00000000eeb00000,0x00000000eed80000)
  to   space 2560K, 0% used [0x00000000eed80000,0x00000000eed80000,0x00000000ef000000)
 ParOldGen       total 40448K, used 10176K [0x00000000c0000000, 0x00000000c2780000, 0x00000000eab00000)
  object space 40448K, 25% used [0x00000000c0000000,0x00000000c09f00d8,0x00000000c2780000)
 Metaspace       used 20557K, capacity 21088K, committed 21248K, reserved 1067008K
  class space    used 2622K, capacity 2752K, committed 2816K, reserved 1048576K
}
Event: 2.463 GC heap before
{Heap before GC invocations=7 (full 1):
 PSYoungGen      total 68096K, used 65536K [0x00000000eab00000, 0x00000000ef000000, 0x0000000100000000)
  eden space 65536K, 100% used [0x00000000eab00000,0x00000000eeb00000,0x00000000eeb00000)
  from space 2560K, 0% used [0x00000000eeb00000,0x00000000eeb00000,0x00000000eed80000)
  to   space 2560K, 0% used [0x00000000eed80000,0x00000000eed80000,0x00000000ef000000)
 ParOldGen       total 40448K, used 10176K [0x00000000c0000000, 0x00000000c2780000, 0x00000000eab00000)
  object space 40448K, 25% used [0x00000000c0000000,0x00000000c09f00d8,0x00000000c2780000)
 Metaspace       used 24565K, capacity 25230K, committed 25472K, reserved 1071104K
  class space    used 3172K, capacity 3329K, committed 3456K, reserved 1048576K
Event: 2.473 GC heap after
Heap after GC invocations=7 (full 1):
 PSYoungGen      total 68096K, used 2544K [0x00000000eab00000, 0x00000000ef000000, 0x0000000100000000)
  eden space 65536K, 0% used [0x00000000eab00000,0x00000000eab00000,0x00000000eeb00000)
  from space 2560K, 99% used [0x00000000eed80000,0x00000000eeffc010,0x00000000ef000000)
  to   space 2560K, 0% used [0x00000000eeb00000,0x00000000eeb00000,0x00000000eed80000)
 ParOldGen       total 40448K, used 17828K [0x00000000c0000000, 0x00000000c2780000, 0x00000000eab00000)
  object space 40448K, 44% used [0x00000000c0000000,0x00000000c1169220,0x00000000c2780000)
 Metaspace       used 24565K, capacity 25230K, committed 25472K, reserved 1071104K
  class space    used 3172K, capacity 3329K, committed 3456K, reserved 1048576K
}

