# JRE version: Java(TM) SE Runtime Environment (8.0_171-b11) (build 1.8.0_171-b11)
# Java VM: Java HotSpot(TM) 64-Bit Server VM (25.171-b11 mixed mode windows-amd64 compressed oops)
Heap:
 PSYoungGen      total 164864K, used 2357K [0x00000000e0000000, 0x00000000eef80000, 0x0000000100000000)
  eden space 149504K, 1% used [0x00000000e0000000,0x00000000e024d7e0,0x00000000e9200000)
  from space 15360K, 0% used [0x00000000e9200000,0x00000000e9200000,0x00000000ea100000)
  to   space 14848K, 0% used [0x00000000ee100000,0x00000000ee100000,0x00000000eef80000)
 ParOldGen       total 44032K, used 19257K [0x00000000a0000000, 0x00000000a2b00000, 0x00000000e0000000)
  object space 44032K, 43% used [0x00000000a0000000,0x00000000a12ce598,0x00000000a2b00000)
 Metaspace       used 33961K, capacity 35394K, committed 35672K, reserved 1081344K
  class space    used 4347K, capacity 4619K, committed 4696K, reserved 1048576K
GC Heap History (10 events):
Event: 2.864 GC heap before
{Heap before GC invocations=7 (full 1):
 PSYoungGen      total 53248K, used 49152K [0x00000000e0000000, 0x00000000e7100000, 0x0000000100000000)
  eden space 49152K, 100% used [0x00000000e0000000,0x00000000e3000000,0x00000000e3000000)
  from space 4096K, 0% used [0x00000000e3000000,0x00000000e3000000,0x00000000e3400000)
  to   space 8704K, 0% used [0x00000000e6880000,0x00000000e6880000,0x00000000e7100000)
 ParOldGen       total 44032K, used 8158K [0x00000000a0000000, 0x00000000a2b00000, 0x00000000e0000000)
  object space 44032K, 18% used [0x00000000a0000000,0x00000000a07f7b50,0x00000000a2b00000)
 Metaspace       used 24401K, capacity 25112K, committed 25472K, reserved 1071104K
  class space    used 3138K, capacity 3332K, committed 3456K, reserved 1048576K
Event: 2.888 GC heap after
Heap after GC invocations=7 (full 1):
 PSYoungGen      total 95232K, used 8599K [0x00000000e0000000, 0x00000000e7100000, 0x0000000100000000)
  eden space 86528K, 0% used [0x00000000e0000000,0x00000000e0000000,0x00000000e5480000)
  from space 8704K, 98% used [0x00000000e6880000,0x00000000e70e5c78,0x00000000e7100000)
  to   space 9728K, 0% used [0x00000000e5e00000,0x00000000e5e00000,0x00000000e6780000)
 ParOldGen       total 44032K, used 8166K [0x00000000a0000000, 0x00000000a2b00000, 0x00000000e0000000)
  object space 44032K, 18% used [0x00000000a0000000,0x00000000a07f9b50,0x00000000a2b00000)
 Metaspace       used 24401K, capacity 25112K, committed 25472K, reserved 1071104K
  class space    used 3138K, capacity 3332K, committed 3456K, reserved 1048576K
}
Event: 3.449 GC heap before
{Heap before GC invocations=8 (full 1):
 PSYoungGen      total 95232K, used 95127K [0x00000000e0000000, 0x00000000e7100000, 0x0000000100000000)
  eden space 86528K, 100% used [0x00000000e0000000,0x00000000e5480000,0x00000000e5480000)
  from space 8704K, 98% used [0x00000000e6880000,0x00000000e70e5c78,0x00000000e7100000)
  to   space 9728K, 0% used [0x00000000e5e00000,0x00000000e5e00000,0x00000000e6780000)
 ParOldGen       total 44032K, used 8166K [0x00000000a0000000, 0x00000000a2b00000, 0x00000000e0000000)
  object space 44032K, 18% used [0x00000000a0000000,0x00000000a07f9b50,0x00000000a2b00000)
 Metaspace       used 26905K, capacity 27750K, committed 28032K, reserved 1073152K
  class space    used 3458K, capacity 3639K, committed 3712K, reserved 1048576K
Event: 3.476 GC heap after
Heap after GC invocations=8 (full 1):
 PSYoungGen      total 105984K, used 9714K [0x00000000e0000000, 0x00000000ead80000, 0x0000000100000000)
  eden space 96256K, 0% used [0x00000000e0000000,0x00000000e0000000,0x00000000e5e00000)
  from space 9728K, 99% used [0x00000000e5e00000,0x00000000e677ca90,0x00000000e6780000)
  to   space 12800K, 0% used [0x00000000ea100000,0x00000000ea100000,0x00000000ead80000)
 ParOldGen       total 44032K, used 11446K [0x00000000a0000000, 0x00000000a2b00000, 0x00000000e0000000)
  object space 44032K, 25% used [0x00000000a0000000,0x00000000a0b2da78,0x00000000a2b00000)
 Metaspace       used 26905K, capacity 27750K, committed 28032K, reserved 1073152K
  class space    used 3458K, capacity 3639K, committed 3712K, reserved 1048576K
}
Event: 4.204 GC heap before
{Heap before GC invocations=9 (full 1):
 PSYoungGen      total 105984K, used 105970K [0x00000000e0000000, 0x00000000ead80000, 0x0000000100000000)
  eden space 96256K, 100% used [0x00000000e0000000,0x00000000e5e00000,0x00000000e5e00000)
  from space 9728K, 99% used [0x00000000e5e00000,0x00000000e677ca90,0x00000000e6780000)
  to   space 12800K, 0% used [0x00000000ea100000,0x00000000ea100000,0x00000000ead80000)
 ParOldGen       total 44032K, used 11446K [0x00000000a0000000, 0x00000000a2b00000, 0x00000000e0000000)
  object space 44032K, 25% used [0x00000000a0000000,0x00000000a0b2da78,0x00000000a2b00000)
 Metaspace       used 31023K, capacity 32104K, committed 32128K, reserved 1077248K
  class space    used 3988K, capacity 4216K, committed 4224K, reserved 1048576K
Event: 4.231 GC heap after
Heap after GC invocations=9 (full 1):
 PSYoungGen      total 162304K, used 12796K [0x00000000e0000000, 0x00000000ec280000, 0x0000000100000000)
  eden space 149504K, 0% used [0x00000000e0000000,0x00000000e0000000,0x00000000e9200000)
  from space 12800K, 99% used [0x00000000ea100000,0x00000000ead7f178,0x00000000ead80000)
  to   space 15360K, 0% used [0x00000000e9200000,0x00000000e9200000,0x00000000ea100000)
 ParOldGen       total 44032K, used 13061K [0x00000000a0000000, 0x00000000a2b00000, 0x00000000e0000000)
  object space 44032K, 29% used [0x00000000a0000000,0x00000000a0cc1708,0x00000000a2b00000)
 Metaspace       used 31023K, capacity 32104K, committed 32128K, reserved 1077248K
  class space    used 3988K, capacity 4216K, committed 4224K, reserved 1048576K
}
Event: 4.656 GC heap before
{Heap before GC invocations=10 (full 1):
 PSYoungGen      total 162304K, used 62389K [0x00000000e0000000, 0x00000000ec280000, 0x0000000100000000)
  eden space 149504K, 33% used [0x00000000e0000000,0x00000000e306e308,0x00000000e9200000)
  from space 12800K, 99% used [0x00000000ea100000,0x00000000ead7f178,0x00000000ead80000)
  to   space 15360K, 0% used [0x00000000e9200000,0x00000000e9200000,0x00000000ea100000)
 ParOldGen       total 44032K, used 13061K [0x00000000a0000000, 0x00000000a2b00000, 0x00000000e0000000)
  object space 44032K, 29% used [0x00000000a0000000,0x00000000a0cc1708,0x00000000a2b00000)
 Metaspace       used 33940K, capacity 35326K, committed 35416K, reserved 1079296K
  class space    used 4340K, capacity 4609K, committed 4696K, reserved 1048576K
Event: 4.669 GC heap after
Heap after GC invocations=10 (full 1):
 PSYoungGen      total 164864K, used 8937K [0x00000000e0000000, 0x00000000eef80000, 0x0000000100000000)
  eden space 149504K, 0% used [0x00000000e0000000,0x00000000e0000000,0x00000000e9200000)
  from space 15360K, 58% used [0x00000000e9200000,0x00000000e9aba6f0,0x00000000ea100000)
  to   space 14848K, 0% used [0x00000000ee100000,0x00000000ee100000,0x00000000eef80000)
 ParOldGen       total 44032K, used 19316K [0x00000000a0000000, 0x00000000a2b00000, 0x00000000e0000000)
  object space 44032K, 43% used [0x00000000a0000000,0x00000000a12dd070,0x00000000a2b00000)
 Metaspace       used 33940K, capacity 35326K, committed 35416K, reserved 1079296K
  class space    used 4340K, capacity 4609K, committed 4696K, reserved 1048576K
}
Event: 4.669 GC heap before
{Heap before GC invocations=11 (full 2):
 PSYoungGen      total 164864K, used 8937K [0x00000000e0000000, 0x00000000eef80000, 0x0000000100000000)
  eden space 149504K, 0% used [0x00000000e0000000,0x00000000e0000000,0x00000000e9200000)
  from space 15360K, 58% used [0x00000000e9200000,0x00000000e9aba6f0,0x00000000ea100000)
  to   space 14848K, 0% used [0x00000000ee100000,0x00000000ee100000,0x00000000eef80000)
 ParOldGen       total 44032K, used 19316K [0x00000000a0000000, 0x00000000a2b00000, 0x00000000e0000000)
  object space 44032K, 43% used [0x00000000a0000000,0x00000000a12dd070,0x00000000a2b00000)
 Metaspace       used 33940K, capacity 35326K, committed 35416K, reserved 1079296K
  class space    used 4340K, capacity 4609K, committed 4696K, reserved 1048576K
Event: 4.767 GC heap after
Heap after GC invocations=11 (full 2):
 PSYoungGen      total 164864K, used 0K [0x00000000e0000000, 0x00000000eef80000, 0x0000000100000000)
  eden space 149504K, 0% used [0x00000000e0000000,0x00000000e0000000,0x00000000e9200000)
  from space 15360K, 0% used [0x00000000e9200000,0x00000000e9200000,0x00000000ea100000)
  to   space 14848K, 0% used [0x00000000ee100000,0x00000000ee100000,0x00000000eef80000)
 ParOldGen       total 44032K, used 19257K [0x00000000a0000000, 0x00000000a2b00000, 0x00000000e0000000)
  object space 44032K, 43% used [0x00000000a0000000,0x00000000a12ce598,0x00000000a2b00000)
 Metaspace       used 33940K, capacity 35326K, committed 35416K, reserved 1079296K
  class space    used 4340K, capacity 4609K, committed 4696K, reserved 1048576K
}

